________________________________________________________________________________
Marvellous Infosystems Process Logger: Mon Oct  2 12:10:58 2023
________________________________________________________________________________

{'username': 'root', 'name': 'init(Ubuntu-20.', 'pid': 1, 'vms': 2.26953125}
{'username': 'root', 'name': 'init', 'pid': 4, 'vms': 2.625}
{'username': 'root', 'name': 'SessionLeader', 'pid': 139, 'vms': 2.27734375}
{'username': 'root', 'name': 'Relay(141)', 'pid': 140, 'vms': 2.29296875}
{'username': 'root', 'name': 'docker-desktop-user-distro', 'pid': 141, 'vms': 713.828125}
{'username': 'root', 'name': 'Relay(155)', 'pid': 154, 'vms': 2.29296875}
{'username': 'akshay', 'name': 'docker', 'pid': 155, 'vms': 741.41796875}
{'username': 'root', 'name': 'Relay', 'pid': 477, 'vms': 2.28515625}
{'username': 'root', 'name': 'SessionLeader', 'pid': 1274, 'vms': 2.2734375}
{'username': 'root', 'name': 'Relay(1276)', 'pid': 1275, 'vms': 2.2890625}
{'username': 'akshay', 'name': 'sh', 'pid': 1276, 'vms': 2.5546875}
{'username': 'akshay', 'name': 'sh', 'pid': 1277, 'vms': 2.5546875}
{'username': 'akshay', 'name': 'sh', 'pid': 1282, 'vms': 2.5546875}
{'username': 'akshay', 'name': 'node', 'pid': 1286, 'vms': 958.5390625}
{'username': 'akshay', 'name': 'node', 'pid': 1314, 'vms': 1023.1484375}
{'username': 'akshay', 'name': 'node', 'pid': 1397, 'vms': 1021.2265625}
{'username': 'akshay', 'name': 'node', 'pid': 1431, 'vms': 684.42578125}
{'username': 'akshay', 'name': 'bash', 'pid': 1442, 'vms': 10.0546875}
{'username': 'akshay', 'name': 'python3', 'pid': 1474, 'vms': 193.04296875}
{'username': 'akshay', 'name': 'node', 'pid': 1495, 'vms': 1389.30078125}
{'username': 'root', 'name': 'Relay', 'pid': 4500, 'vms': 2.28515625}
{'username': 'root', 'name': 'Relay', 'pid': 4538, 'vms': 2.28515625}
{'username': 'root', 'name': 'Relay', 'pid': 4585, 'vms': 2.28515625}
{'username': 'root', 'name': 'Relay(4594)', 'pid': 4593, 'vms': 2.28515625}
{'username': 'akshay', 'name': 'node', 'pid': 4594, 'vms': 582.1640625}
{'username': 'root', 'name': 'Relay(4603)', 'pid': 4602, 'vms': 2.28515625}
{'username': 'akshay', 'name': 'node', 'pid': 4603, 'vms': 582.1640625}
{'username': 'root', 'name': 'Relay', 'pid': 4692, 'vms': 2.28515625}
{'username': 'root', 'name': 'Relay(4701)', 'pid': 4700, 'vms': 2.28515625}
{'username': 'akshay', 'name': 'node', 'pid': 4701, 'vms': 582.1640625}
{'username': 'root', 'name': 'SessionLeader', 'pid': 6565, 'vms': 2.28515625}
{'username': 'root', 'name': 'Relay(6567)', 'pid': 6566, 'vms': 2.28515625}
{'username': 'akshay', 'name': 'node', 'pid': 6567, 'vms': 584.1640625}
{'username': 'root', 'name': 'SessionLeader', 'pid': 6574, 'vms': 2.28515625}
{'username': 'root', 'name': 'Relay(6576)', 'pid': 6575, 'vms': 2.28515625}
{'username': 'akshay', 'name': 'node', 'pid': 6576, 'vms': 590.4140625}
{'username': 'akshay', 'name': 'bash', 'pid': 8657, 'vms': 9.92578125}
{'username': 'akshay', 'name': 'bash', 'pid': 8804, 'vms': 10.0546875}
{'username': 'akshay', 'name': 'tail', 'pid': 8960, 'vms': 7.10546875}
{'username': 'akshay', 'name': 'python3', 'pid': 8994, 'vms': 25.84375}
{'username': 'root', 'name': 'Relay(20354)', 'pid': 20353, 'vms': 2.2890625}
{'username': 'root', 'name': 'SessionLeader', 'pid': 24219, 'vms': 2.27734375}
{'username': 'root', 'name': 'Relay(24221)', 'pid': 24220, 'vms': 2.29296875}
{'username': 'akshay', 'name': 'bash', 'pid': 24221, 'vms': 10.0625}
{'username': 'akshay', 'name': 'dbus-launch', 'pid': 29185, 'vms': 7.0}
{'username': 'akshay', 'name': 'dbus-daemon', 'pid': 29186, 'vms': 6.97265625}
{'username': 'root', 'name': 'Relay(31348)', 'pid': 31347, 'vms': 2.28515625}
